This is pdfTeX, Version 3.14159265-2.6-1.40.18 (MiKTeX 2.9.6350 64-bit) (preloaded format=pdflatex 2017.10.4)  23 APR 2018 12:53
entering extended mode
**./ifacconf.tex
(ifacconf.tex
LaTeX2e <2017-04-15>
Babel <3.10> and hyphenation patterns for 75 language(s) loaded.
(ifacconf.cls
Document Class: ifacconf 2008/04/14, 3.2ModD: IFAC conferences

\@frontmatterwidth=\dimen102
\@bls=\dimen103
\eqntopsep=\skip41
\eqnarraycolsep=\dimen104
\labelwidthi=\dimen105
\labelwidthii=\dimen106
\labelwidthiii=\dimen107
\labelwidthiv=\dimen108
\@maxlistdepth=\count79
\eqnbaselineskip=\skip42
\eqnlineskip=\skip43
\mathindent=\dimen109
\rulepreskip=\dimen110
\rulepostskip=\dimen111
\Arrayrulewidth=\dimen112
\crulepostskip=\dimen113
\@Ldec=\dimen114
\@Rdec=\dimen115
\@Lpmdec=\dimen116
\@Rpmdec=\dimen117
\c@section=\count80
\c@subsection=\count81
\c@subsubsection=\count82
\c@paragraph=\count83
\c@subparagraph=\count84
("C:\Program Files\MiKTeX 2.9\tex\latex\tools\theorem.sty"
Package: theorem 2014/10/28 v2.2c Theorem extension package (FMi)
\theorem@style=\toks14
\theorem@bodyfont=\toks15
\theorempreskipamount=\skip44
\theorempostskipamount=\skip45

("C:\Program Files\MiKTeX 2.9\tex\latex\tools\thp.sty"
File: thp.sty 2014/10/28 v2.2c Theorem extension package (FMi)
))
("C:\Program Files\MiKTeX 2.9\tex\latex\base\newlfont.sty"
Package: newlfont 1998/08/17 v2.2m Standard LaTeX package
LaTeX Info: Redefining \em on input line 57.

("C:\Program Files\MiKTeX 2.9\tex\latex\base\latexsym.sty"
Package: latexsym 1998/08/17 v2.2e Standard LaTeX package (lasy symbols)
\symlasy=\mathgroup4
LaTeX Font Info:    Overwriting symbol font `lasy' in version `bold'
(Font)                  U/lasy/m/n --> U/lasy/b/n on input line 52.
))
LaTeX Info: Redefining \rm on input line 595.
LaTeX Info: Redefining \sf on input line 596.
LaTeX Info: Redefining \tt on input line 597.
LaTeX Info: Redefining \bf on input line 598.
LaTeX Info: Redefining \it on input line 599.
LaTeX Info: Redefining \sl on input line 600.
LaTeX Info: Redefining \sc on input line 601.
\c@thm=\count85
\c@alg=\count86
\c@algorithm=\count87
\c@note=\count88
\c@summ=\count89
\c@case=\count90
\@tempcntc=\count91
\c@figure=\count92
\c@table=\count93
\t@glob@notes=\toks16
\t@loc@notes=\toks17
\note@cnt=\count94
\c@author=\count95
\n@author=\count96
\c@collab=\count97
\n@collab=\count98
\c@address=\count99
\sv@mathsurround=\dimen118
\sv@hyphenpenalty=\count100
\prev@elem=\count101
\cur@elem=\count102
\fm@box=\box26
\fm@size=\dimen119
\t@abstract=\box27
\t@keyword=\box28
\rep@mod=\count103
\t@xtheight=\dimen120
\@logoheight=\dimen121
\@pubyear=\count104
\c@firstpage=\count105
\c@lastpage=\count106
\slashbox=\box29
LaTeX Font Info:    External font `cmex10' loaded for size
(Font)              <7> on input line 1506.
LaTeX Font Info:    External font `cmex10' loaded for size
(Font)              <5> on input line 1506.
LaTeX Font Info:    Try loading font information for U+lasy on input line 1506.


("C:\Program Files\MiKTeX 2.9\tex\latex\base\ulasy.fd"
File: ulasy.fd 1998/08/17 v2.2e LaTeX symbol font definitions
)
\Slashbox=\box30
LaTeX Font Info:    External font `cmex10' loaded for size
(Font)              <12> on input line 1507.
LaTeX Font Info:    External font `cmex10' loaded for size
(Font)              <8> on input line 1507.
LaTeX Font Info:    External font `cmex10' loaded for size
(Font)              <6> on input line 1507.
\@frontindent=\dimen122
)
("C:\Program Files\MiKTeX 2.9\tex\latex\graphics\graphicx.sty"
Package: graphicx 2014/10/28 v1.0g Enhanced LaTeX Graphics (DPC,SPQR)

("C:\Program Files\MiKTeX 2.9\tex\latex\graphics\keyval.sty"
Package: keyval 2014/10/28 v1.15 key=value parser (DPC)
\KV@toks@=\toks18
)
("C:\Program Files\MiKTeX 2.9\tex\latex\graphics\graphics.sty"
Package: graphics 2017/04/14 v1.1b Standard LaTeX Graphics (DPC,SPQR)

("C:\Program Files\MiKTeX 2.9\tex\latex\graphics\trig.sty"
Package: trig 2016/01/03 v1.10 sin cos tan (DPC)
)
("C:\Program Files\MiKTeX 2.9\tex\latex\graphics-cfg\graphics.cfg"
File: graphics.cfg 2016/06/04 v1.11 sample graphics configuration
)
Package graphics Info: Driver file: pdftex.def on input line 99.

("C:\Program Files\MiKTeX 2.9\tex\latex\graphics-def\pdftex.def"
File: pdftex.def 2017/01/12 v0.06k Graphics/color for pdfTeX

("C:\Program Files\MiKTeX 2.9\tex\generic\oberdiek\infwarerr.sty"
Package: infwarerr 2016/05/16 v1.4 Providing info/warning/error messages (HO)
)
("C:\Program Files\MiKTeX 2.9\tex\generic\oberdiek\ltxcmds.sty"
Package: ltxcmds 2016/05/16 v1.23 LaTeX kernel commands for general use (HO)
)
\Gread@gobject=\count107
))
\Gin@req@height=\dimen123
\Gin@req@width=\dimen124
)
(C:\Users\BRL\AppData\Roaming\MiKTeX\2.9\tex\latex\natbib\natbib.sty
Package: natbib 2010/09/13 8.31b (PWD, AO)
\bibhang=\skip46
\bibsep=\skip47
LaTeX Info: Redefining \cite on input line 694.
\c@NAT@ctr=\count108
)
(ifacconf.aux)
\openout1 = `ifacconf.aux'.

LaTeX Font Info:    Checking defaults for OML/cmm/m/it on input line 11.
LaTeX Font Info:    ... okay on input line 11.
LaTeX Font Info:    Checking defaults for T1/cmr/m/n on input line 11.
LaTeX Font Info:    ... okay on input line 11.
LaTeX Font Info:    Checking defaults for OT1/cmr/m/n on input line 11.
LaTeX Font Info:    ... okay on input line 11.
LaTeX Font Info:    Checking defaults for OMS/cmsy/m/n on input line 11.
LaTeX Font Info:    ... okay on input line 11.
LaTeX Font Info:    Checking defaults for OMX/cmex/m/n on input line 11.
LaTeX Font Info:    ... okay on input line 11.
LaTeX Font Info:    Checking defaults for U/cmr/m/n on input line 11.
LaTeX Font Info:    ... okay on input line 11.

(C:\Users\BRL\AppData\Roaming\MiKTeX\2.9\tex\context\base\supp-pdf.mkii
[Loading MPS to PDF converter (version 2006.09.02).]
\scratchcounter=\count109
\scratchdimen=\dimen125
\scratchbox=\box31
\nofMPsegments=\count110
\nofMParguments=\count111
\everyMPshowfont=\toks19
\MPscratchCnt=\count112
\MPscratchDim=\dimen126
\MPnumerator=\count113
\makeMPintoPDFobject=\count114
\everyMPtoPDFconversion=\toks20
) ("C:\Program Files\MiKTeX 2.9\tex\generic\oberdiek\pdftexcmds.sty"
Package: pdftexcmds 2017/03/19 v0.25 Utility functions of pdfTeX for LuaTeX (HO
)

("C:\Program Files\MiKTeX 2.9\tex\generic\oberdiek\ifluatex.sty"
Package: ifluatex 2016/05/16 v1.4 Provides the ifluatex switch (HO)
Package ifluatex Info: LuaTeX not detected.
)
("C:\Program Files\MiKTeX 2.9\tex\generic\oberdiek\ifpdf.sty"
Package: ifpdf 2017/03/15 v3.2 Provides the ifpdf switch
)
Package pdftexcmds Info: LuaTeX not detected.
Package pdftexcmds Info: \pdf@primitive is available.
Package pdftexcmds Info: \pdf@ifprimitive is available.
Package pdftexcmds Info: \pdfdraftmode found.
)
("C:\Program Files\MiKTeX 2.9\tex\latex\oberdiek\epstopdf-base.sty"
Package: epstopdf-base 2016/05/15 v2.6 Base part for package epstopdf

("C:\Program Files\MiKTeX 2.9\tex\latex\oberdiek\grfext.sty"
Package: grfext 2016/05/16 v1.2 Manage graphics extensions (HO)

("C:\Program Files\MiKTeX 2.9\tex\generic\oberdiek\kvdefinekeys.sty"
Package: kvdefinekeys 2016/05/16 v1.4 Define keys (HO)
))
("C:\Program Files\MiKTeX 2.9\tex\latex\oberdiek\kvoptions.sty"
Package: kvoptions 2016/05/16 v3.12 Key value format for package options (HO)

("C:\Program Files\MiKTeX 2.9\tex\generic\oberdiek\kvsetkeys.sty"
Package: kvsetkeys 2016/05/16 v1.17 Key value parser (HO)

("C:\Program Files\MiKTeX 2.9\tex\generic\oberdiek\etexcmds.sty"
Package: etexcmds 2016/05/16 v1.6 Avoid name clashes with e-TeX commands (HO)
Package etexcmds Info: Could not find \expanded.
(etexcmds)             That can mean that you are not using pdfTeX 1.50 or
(etexcmds)             that some package has redefined \expanded.
(etexcmds)             In the latter case, load this package earlier.
)))
Package epstopdf-base Info: Redefining graphics rule for `.eps' on input line 4
38.
Package grfext Info: Graphics extension search list:
(grfext)             [.png,.pdf,.jpg,.mps,.jpeg,.jbig2,.jb2,.PNG,.PDF,.JPG,.JPE
G,.JBIG2,.JB2,.eps]
(grfext)             \AppendGraphicsExtensions on input line 456.
)
LaTeX Font Info:    Calculating math sizes for size <14> on input line 14.
LaTeX Font Info:    External font `cmex10' loaded for size
(Font)              <14> on input line 14.
LaTeX Font Info:    External font `cmex10' loaded for size
(Font)              <9.79996> on input line 14.
\c@sv@footnote=\count115

Underfull \vbox (badness 10000) has occurred while \output is active []

 [1{C:/ProgramData/MiKTeX/2.9/pdftex/config/pdftex.map}

]
<game.jpg, id=14, 770.88pt x 576.65437pt>
File: game.jpg Graphic file (type jpg)
 <use game.jpg>
Package pdftex.def Info: game.jpg used on input line 63.
(pdftex.def)             Requested size: 239.00298pt x 178.7786pt.

Overfull \hbox (1.2358pt too wide) in paragraph at lines 71--71
 \OT1/cmr/m/it/10 2.2 Sep-a-ra-tion of Feed-for-ward and Feed-back Con-trol In-
puts 
 []

<linearity.jpg, id=15, 1092.33093pt x 338.76563pt>
File: linearity.jpg Graphic file (type jpg)
 <use linearity.jpg>
Package pdftex.def Info: linearity.jpg used on input line 123.
(pdftex.def)             Requested size: 478.00638pt x 148.24577pt.
 [2 <./game.jpg>] <Capture.png, id=22, 307.64937pt x 134.5025pt>
File: Capture.png Graphic file (type png)
 <use Capture.png>
Package pdftex.def Info: Capture.png used on input line 135.
(pdftex.def)             Requested size: 239.00298pt x 104.49283pt.

<ffMinv.png, id=24, 1073.51062pt x 499.8675pt>
File: ffMinv.png Graphic file (type png)
 <use ffMinv.png>
Package pdftex.def Info: ffMinv.png used on input line 149.
(pdftex.def)             Requested size: 239.00298pt x 111.28308pt.
 (ifacconf.bbl
Missing character: There is no â in font cmr10!
Missing character: There is no € in font cmr10!
Missing character: There is no ” in font cmr10!

[3 <./linearity.jpg> <./Capture.png> <./ffMinv.png>]) [4

] (ifacconf.aux) ) 
Here is how much of TeX's memory you used:
 2438 strings out of 493323
 32285 string characters out of 3139072
 103660 words of memory out of 3000000
 5960 multiletter control sequences out of 15000+200000
 8992 words of font info for 36 fonts, out of 3000000 for 9000
 1141 hyphenation exceptions out of 8191
 39i,7n,25p,992b,252s stack positions out of 5000i,500n,10000p,200000b,50000s
<C:/Program Files/MiKTeX 2.9/fonts/type1/public/amsfonts/cm/c
mbx10.pfb><C:/Program Files/MiKTeX 2.9/fonts/type1/public/amsfonts/cm/cmbx12.pf
b><C:/Program Files/MiKTeX 2.9/fonts/type1/public/amsfonts/cm/cmmi10.pfb><C:/Pr
ogram Files/MiKTeX 2.9/fonts/type1/public/amsfonts/cm/cmmi12.pfb><C:/Program Fi
les/MiKTeX 2.9/fonts/type1/public/amsfonts/cm/cmmi7.pfb><C:/Program Files/MiKTe
X 2.9/fonts/type1/public/amsfonts/cm/cmmi8.pfb><C:/Program Files/MiKTeX 2.9/fon
ts/type1/public/amsfonts/cm/cmr10.pfb><C:/Program Files/MiKTeX 2.9/fonts/type1/
public/amsfonts/cm/cmr7.pfb><C:/Program Files/MiKTeX 2.9/fonts/type1/public/ams
fonts/cm/cmr8.pfb><C:/Program Files/MiKTeX 2.9/fonts/type1/public/amsfonts/cm/c
msy10.pfb><C:/Program Files/MiKTeX 2.9/fonts/type1/public/amsfonts/cm/cmsy7.pfb
><C:/Program Files/MiKTeX 2.9/fonts/type1/public/amsfonts/cm/cmti10.pfb>
Output written on ifacconf.pdf (4 pages, 552513 bytes).
PDF statistics:
 70 PDF objects out of 1000 (max. 8388607)
 0 named destinations out of 1000 (max. 500000)
 21 words of extra memory for PDF output out of 10000 (max. 10000000)

